{"/Users/takajoutoshiki/nodejs/neko-frontend/src/js/heading.jsx": {"path":"/Users/takajoutoshiki/nodejs/neko-frontend/src/js/heading.jsx","statementMap":{"0":{"start":{"line":9,"column":16},"end":{"line":12,"column":1}},"1":{"start":{"line":10,"column":19},"end":{"line":10,"column":24}},"2":{"start":{"line":11,"column":2},"end":{"line":11,"column":67}}},"fnMap":{"0":{"name":"(anonymous_0)","decl":{"start":{"line":9,"column":16},"end":{"line":9,"column":17}},"loc":{"start":{"line":9,"column":34},"end":{"line":12,"column":1}},"line":9}},"branchMap":{},"s":{"0":1,"1":1,"2":1},"f":{"0":1},"b":{},"_coverageSchema":"332fd63041d2c1bcb487cc26dd0d5f7d97098a6c","hash":"6a3fda078533dcb81fbda258666eecbe670e59f4"}
,"/Users/takajoutoshiki/nodejs/neko-frontend/src/js/index.js": {"path":"/Users/takajoutoshiki/nodejs/neko-frontend/src/js/index.js","statementMap":{"0":{"start":{"line":6,"column":4},"end":{"line":6,"column":21}},"1":{"start":{"line":7,"column":4},"end":{"line":7,"column":15}},"2":{"start":{"line":11,"column":4},"end":{"line":11,"column":45}}},"fnMap":{"0":{"name":"(anonymous_0)","decl":{"start":{"line":5,"column":2},"end":{"line":5,"column":3}},"loc":{"start":{"line":5,"column":28},"end":{"line":8,"column":3}},"line":5},"1":{"name":"(anonymous_1)","decl":{"start":{"line":10,"column":2},"end":{"line":10,"column":3}},"loc":{"start":{"line":10,"column":14},"end":{"line":12,"column":3}},"line":10}},"branchMap":{},"s":{"0":3,"1":3,"2":4},"f":{"0":3,"1":4},"b":{},"_coverageSchema":"332fd63041d2c1bcb487cc26dd0d5f7d97098a6c","hash":"e910157c0e47a1e779a006156cef0cfcac183c0c"}
}
